DEBUG:03/08/2017 01:57:06 PM:Index: 80842, Reason: price or unit <= 0
DEBUG:03/08/2017 01:57:06 PM:Index: 80364, Reason: More than 3 secondsDEBUG:03/08/2017 01:57:06 PM:Index: 61378, Reason: price or unit <= 0
DEBUG:03/08/2017 01:57:0DEBUG:03/08/2017 01:57:06 PM:Index: 81222, ReaDEBUG:03/08/2017 01:57:06 PM:Index: 61606, Reason: More than 3 seconds difference
DEBUG:03/08/2017 01:57:06 PM:Index: 62335, Reason: price or unit <= 0
DEBUG:03/08/2017 01:57:06 PM:Index: 62075, Reason: Duplicate timestamp
DEBUG:03/08/2017 01:57:06 PM:Index: 62076, Reason: Duplicate timestamp
DEBUG:03/08/2017 01:57:06 PM:Index: 62828, Reason: Duplicate timestamp
DEBUG:03/08/201DEBUG:03/08/2017 01:57:06 PM:Index: 83895, Reason: More than 3 seconds difference
DEBUG:03/08/2017 01:57:07 PM:Index: 85249, Reason: price or unit <= 0
DEBUG:03/08/2017 01:57:07 PM:Index: 85540, Reason: price or unit <= 0
DEBUG:03/08/2017 01:57:07 PM:Index: 86368, Reason: price or unit <= 0
DEBUG:03/08/2017 01:57:07 PM:Index: 86748, Reason: price or unit <= 0
DEBUG:03/08/2017 01:57:07 PM:Index: 86919, Reason: More than 3 seconds difference
DEBUG:03/08/2017 01:57:07 PM:Index: 87744, Reason: price or unit <= 0
DEBUG:03/08/2017 01:57:07 PM:Index: 87858, Reason: price or unit <= 0
DEBUG:03/08/2017 01:57:07 PM:Index: 87562, Reason: Duplicate timestamp
DEBUG:03/08/2017 01:57:07 PM:Index: 87563, Reason: Duplicate timestamp
DEBUG:03/08/2017 01:57:07 PM:Index: 87670, Reason: More than 3 seconds difference
DEBUG:03/08/2017 01:57:07 PM:Index: 87709, Reason: More than 3 seconds difference
DEBUG:03/08/2017 01:57:07 PM:Index: 88669, Reason: Duplicate timestamp
DEBUG:03/08/2017 01:57:07 PM:Index:DEBUG:03/08/2017 01:57:07 PM:Index: DEBUG:03/08/2017 01:57:07 PM:Index: 88253, Reason: More than 3 seconds difference
DEBUG:03/08/2017 01:57:07 PM:Index: 89765, Reason: Duplicate timestamp
DEBUG:03/08/2017 01:57:DEBUG:03/08/2017 01:57:07 PM:Index: 49134, Reason: Duplicate timestamp
DEBUG:03/08/2017 01:57:07 PM:Index: 49135, Reason: Duplicate timestamp
DEBUG:03/08/2017 01:57:07 PM:Index: 49372, ReasoDEBUG:03/08/2017 01:57:07 PM:Index: 91198, Reason: price or unit <= 0
DEBUG:03/08/2017 01:57:08 PM:Index: 92045, Reason: Duplicate timestamp
DEBUG:03/08/2017 01:57:08 PM:Index: 92284, Reason: Duplicate timestamp
DEBUG:03/08/2017 01:57:08 PM:Index: 92795, Reason: More than 3 seconds difference
DEBUG:03/08/2017 01:57:08 PM:Index: 93500, Reason: price or unit <= 0
DEBUG:03/08/2017 01:57:08 PM:Index: 93670, Reason: price or unit <= 0
DEBUG:03/08/2017 01:57:08 PM:Index: 93213, Reason: Duplicate timestamp
DEBUG:03/08/2017 01:57:08 PM:Index: 93465, Reason: Duplicate timestamp
DEBUG:03/08/2017 01:57:08 PM:Index: 93948, Reason: Duplicate timestamp
DEBUG:03/08/2017 01:57:08 PM:Index: 93949, Reason: Duplicate timestamp
DEBUG:03/08/2017 01:57:08 PM:Index: 94790, Reason: More than 3 seconds difference
DEBUG:03/08/2017 01:57:08 PM:Index: 95339, Reason: price or unit <= 0
DEBUG:03/08/2017 01:57:08 PM:Index: 95646, Reason: More than 3 seconds difference
DEBUG:03/08/2017 01:57:08 PM:Index: 96303, Reason: price or unit <= 0
DEBUG:03/08/2017 01:57:08 PM:Index: 97912, Reason: price or unit <= 0
DEBUG:03/08/2017 01:57:08 PM:Index: 97355, Reason: Duplicate timestamp
DEBUG:03/08/2017 01:57:08 PM:Index: 97356, Reason: Duplicate timestamp
DEBUG:03/08/2017 01:57:08 PM:Index: 98387, Reason: price or unit <= 0
DEBUG:03/08/2017 01:57:08 PM:Index: 98670, Reason: price or unit <= 0
DEBUG:03/08/2017 01:57:08 PM:Index: 98050, Reason: Duplicate timestamp
DEBUG:03/08/2017 01:57:08 PM:Index: 98051, Reason: Duplicate timestamp
DEBUG:03/08/2017 01:57:08 PM:Index: 98349, Reason: Duplicate timestamp
DEBUG:03/08/2017 01:57:08 PM:Index: 98644, Reason: Duplicate timestamp
DEBUG:03/08/2017 01:57:08 PM:Index: 98695, Reason: Duplicate timestamp
DEBUG:03/08/2017 01:57:08 PM:Index: 98781, Reason: Duplicate timestamp
DEBUG:03/08/2017 01:57:08 PM:Index: 99574, Reason: Duplicate timestamp
DEBUG:03/08/2017 01:57:08 PM:Index: 99830, Reason: Duplicate timestamp
DEBUG:03/08/2017 01:57:08 PM:Index: 99831, Reason: Duplicate timestamp
DEBUG:03/08/2017 01:57:08 PM:Index: 99969, Reason: Duplicate timeINFO:03/08/2017 01:57:09 PM:Time Profile
INFO:03/08/2017 01:57:09 PM:Time to get blocks: 0.773838
INFO:03/08/2017 01:57:09 PM:Time to scrub: 2.592116
INFO:03/08/2017 01:57:09 PM:Time taken to write noise.txt: 0.104389
INFO:03/08/2017 01:57:09 PM:Total time taken is: 3.470349
INFO:03/08/2017 01:57:09 PM:Memory profile
INFO:03/08/2017 01:57:11 PM:Partition of a set of 280875 objects. Total size = 38101656 bytes.
 Index  Count   %     Size   % Cumulative  % Kind (class / dict of class)
     0 135676  48 14593536  38  14593536  38 str
     1  64909  23  5773544  15  20367080  53 tuple
     2  16605   6  2125440   6  22492520  59 types.CodeType
     3  16951   6  2034120   5  24526640  64 function
     4    564   0  2028000   5  26554640  70 dict of module
     5   1655   1  1693736   4  28248376  74 dict of type
     6   1656   1  1493776   4  29742152  78 type
     7   1342   0  1458640   4  31200792  82 dict (no owner)
     8   3568   1   846840   2  32047632  84 unicode
     9   3900   1   763936   2  32811568  86 list
<692 more rows. Type e.g. '_.more' to view.>
