INFO:root:Index: 80842, Reason: price or unit <= 0
INFO:root:Index: 85249, Reason: price or unit <= 0
INFO:root:Index: 85540, Reason: price or unit <= 0
INFO:root:Index: 86368, Reason: price or unit <= 0
INFO:root:Index: 86748, Reason: price or unit <= 0
INFO:root:Index: 87744, Reason: price or unit <= 0
INFO:root:Index: 87858, Reason: price or unit <= 0
INFO:root:Index: 81222, Reason: Duplicate timestamp
INFO:root:Index: 81240, Reason: Duplicate timestamp
INFO:root:Index: 81241, Reason: Duplicate timestamp
INFO:root:Index: 81352, Reason: Duplicate timestamp
INFO:root:Index: 81749, Reason: Duplicate timestamp
INFO:root:Index: 81750, Reason: Duplicate timestamp
INFO:root:Index: 87562, Reason: Duplicate timestamp
INFO:root:Index: 87563, Reason: Duplicate timestamp
INFO:root:Index: 88669, Reason: Duplicate timestamp
INFO:root:Index: 88670, Reason: Duplicate timestamp
INFO:root:Index: 89765, Reason: Duplicate timestamp
INFO:root:Index: 89766, Reason: Duplicate timestamp
INFO:root:Index: 89857, Reason: Duplicate timestamp
INFO:root:Index: 89858, Reason: Duplicate timestamp
INFO:root:Index: 80364, Reason: More than 3 seconds difference, Latest Timestamp: 2014-08-04 10:01:48.511101
INFO:root:Index: 80930, Reason: More than 3 seconds difference, Latest Timestamp: 2014-08-04 10:01:49.646628
INFO:root:Index: 83895, Reason: More than 3 seconds difference, Latest Timestamp: 2014-08-04 10:01:53.050534
INFO:root:Index: 86919, Reason: More than 3 seconds difference, Latest Timestamp: 2014-08-04 10:01:56.456214
INFO:root:Index: 87670, Reason: More than 3 seconds difference, Latest Timestamp: 2014-08-04 10:01:58.702929
INFO:root:Index: 87709, Reason: More than 3 seconds difference, Latest Timestamp: 2014-08-04 10:01:58.679245
INFO:root:Index: 88253, Reason: More than 3 seconds INFO:root:Index: 12704, Reason: price or unit <= 0
INFO:root:Index: 12849, Reason: price or unit <= 0
INFO:root:Index: 16722, Reason: price or unit <= 0
INFO:root:Index: 17774, Reason: price or unit <= 0
INFO:root:Index: 18141, Reason: price or unit <= 0
INFO:root:Index: 10296, Reason: Duplicate timestamp
INFO:root:Index: 10297, Reason: Duplicate timestamp
INFO:root:Index: 11604, Reason: Duplicate timestamp
INFO:root:Index: 11605, Reason: Duplicate timestamp
ININFO:root:Index: 92045, Reason: Duplicate timestamp
INFO:root:Index: 92284, Reason: Duplicate timestamp
INFO:root:Index: 92831, Reason: Duplicate timestamp
INFO:root:Index: 93014, Reason: Duplicate timestamp
INFO:root:Index: 93213, Reason: Duplicate timestamp
INFO:root:Index: 93465, Reason: Duplicate timestamp
INFO:root:Index: 93948, Reason: Duplicate timestamp
INFO:root:Index: 93949, Reason: Duplicate timestamp
INFO:root:Index: 94872, Reason: Duplicate timestamp
INFO:root:Index: 95599, Reason: Duplicate timestamp
INFO:root:Index: 97355, Reason: Duplicate timestamp
INFO:root:Index: 97356, Reason: Duplicate timestamp
INFO:root:Index: 98050, Reason: Duplicate timestamp
INFO:root:Index: 98051, Reason: Duplicate timestamp
INFO:root:Index: 98349, Reason: Duplicate timestamp
INFO:root:Index: 98INFO:root:Index: 70932, Reason: MoreINFO:root:Index: 11166, Reason: More than 3 seconds difference, Latest TiINFO:root:Index: 72229, Reason: More than 3 seconds difference, Latest Timestamp: 2014-08-04 10:01:39.444997
INFO:root:Index: 73332, Reason: More than 3 seconds difference, Latest Timestamp: 2014-08-04 10:01:40.628905
INFO:root:Index: 73792, Reason: MoreINFO:root:Index: 13703, Reason: More than 3 seconds difference, Latest Timestamp: 2014-08-0INFO:root:Index: 94790, Reason: More than 3 seconds difference, Latest Timestamp: 2014-08-04 10:02:06.114217
INFO:root:Index: 95646, Reason: More than 3 seconds difference, Latest Timestamp: 2014-08-04 10:02:06.569952
INFO:root:Index: 99911, Reason: More than 3 seconds difference, Latest Timestamp: 2014-08-04 10:02:12.133295
4 10:00:34.574235
INFO:root:Index: 18761, Reason: More than 3 seconds difference, Latest Timestamp: 2014-08-04 10:00:36.102176
29
 Timestamp: 2014-08-04 10:01:20.195677
INFO:root:Index: 57470, Reason: More than 3 seconds difference, Latest Timestamp: 2014-08-04 10:01:20.404590
INFO:root:Index: 59646, Reason: More than 3 seconds difference, Latest Timestamp: 2014-08-04 10:01:23.249814
